CRITICAL - 2023-10-08 11:32:50 --> Class "App\Models\AdminModel" not found
in APPPATH\Controllers\UserController.php on line 16.
 1 SYSTEMPATH\CodeIgniter.php(891): App\Controllers\UserController->__construct()
 2 SYSTEMPATH\CodeIgniter.php(485): CodeIgniter\CodeIgniter->createController()
 3 SYSTEMPATH\CodeIgniter.php(353): CodeIgniter\CodeIgniter->handleRequest(null, Object(Config\Cache), false)
 4 FCPATH\index.php(79): CodeIgniter\CodeIgniter->run()
 5 SYSTEMPATH\Commands\Server\rewrite.php(47): require_once('C:\\laragon\\www\\template\\template\\public\\index.php')
CRITICAL - 2023-10-08 11:32:50 --> Class "App\Models\AdminModel" not found
in APPPATH\Controllers\UserController.php on line 16.
 1 SYSTEMPATH\CodeIgniter.php(891): App\Controllers\UserController->__construct()
 2 SYSTEMPATH\CodeIgniter.php(485): CodeIgniter\CodeIgniter->createController()
 3 SYSTEMPATH\CodeIgniter.php(353): CodeIgniter\CodeIgniter->handleRequest(null, Object(Config\Cache), false)
 4 FCPATH\index.php(79): CodeIgniter\CodeIgniter->run()
 5 SYSTEMPATH\Commands\Server\rewrite.php(47): require_once('C:\\laragon\\www\\template\\template\\public\\index.php')
CRITICAL - 2023-10-08 11:32:51 --> Class "App\Models\AdminModel" not found
in APPPATH\Controllers\UserController.php on line 16.
 1 SYSTEMPATH\CodeIgniter.php(891): App\Controllers\UserController->__construct()
 2 SYSTEMPATH\CodeIgniter.php(485): CodeIgniter\CodeIgniter->createController()
 3 SYSTEMPATH\CodeIgniter.php(353): CodeIgniter\CodeIgniter->handleRequest(null, Object(Config\Cache), false)
 4 FCPATH\index.php(79): CodeIgniter\CodeIgniter->run()
 5 SYSTEMPATH\Commands\Server\rewrite.php(47): require_once('C:\\laragon\\www\\template\\template\\public\\index.php')
CRITICAL - 2023-10-08 11:32:51 --> Class "App\Models\AdminModel" not found
in APPPATH\Controllers\UserController.php on line 16.
 1 SYSTEMPATH\CodeIgniter.php(891): App\Controllers\UserController->__construct()
 2 SYSTEMPATH\CodeIgniter.php(485): CodeIgniter\CodeIgniter->createController()
 3 SYSTEMPATH\CodeIgniter.php(353): CodeIgniter\CodeIgniter->handleRequest(null, Object(Config\Cache), false)
 4 FCPATH\index.php(79): CodeIgniter\CodeIgniter->run()
 5 SYSTEMPATH\Commands\Server\rewrite.php(47): require_once('C:\\laragon\\www\\template\\template\\public\\index.php')
CRITICAL - 2023-10-08 11:41:12 --> Class "App\Models\AdminModel" not found
in APPPATH\Controllers\UserController.php on line 16.
 1 SYSTEMPATH\CodeIgniter.php(891): App\Controllers\UserController->__construct()
 2 SYSTEMPATH\CodeIgniter.php(485): CodeIgniter\CodeIgniter->createController()
 3 SYSTEMPATH\CodeIgniter.php(353): CodeIgniter\CodeIgniter->handleRequest(null, Object(Config\Cache), false)
 4 FCPATH\index.php(79): CodeIgniter\CodeIgniter->run()
 5 SYSTEMPATH\Commands\Server\rewrite.php(47): require_once('C:\\laragon\\www\\template\\template\\public\\index.php')
CRITICAL - 2023-10-08 11:41:13 --> Class "App\Models\AdminModel" not found
in APPPATH\Controllers\UserController.php on line 16.
 1 SYSTEMPATH\CodeIgniter.php(891): App\Controllers\UserController->__construct()
 2 SYSTEMPATH\CodeIgniter.php(485): CodeIgniter\CodeIgniter->createController()
 3 SYSTEMPATH\CodeIgniter.php(353): CodeIgniter\CodeIgniter->handleRequest(null, Object(Config\Cache), false)
 4 FCPATH\index.php(79): CodeIgniter\CodeIgniter->run()
 5 SYSTEMPATH\Commands\Server\rewrite.php(47): require_once('C:\\laragon\\www\\template\\template\\public\\index.php')
CRITICAL - 2023-10-08 11:41:13 --> Class "App\Models\AdminModel" not found
in APPPATH\Controllers\UserController.php on line 16.
 1 SYSTEMPATH\CodeIgniter.php(891): App\Controllers\UserController->__construct()
 2 SYSTEMPATH\CodeIgniter.php(485): CodeIgniter\CodeIgniter->createController()
 3 SYSTEMPATH\CodeIgniter.php(353): CodeIgniter\CodeIgniter->handleRequest(null, Object(Config\Cache), false)
 4 FCPATH\index.php(79): CodeIgniter\CodeIgniter->run()
 5 SYSTEMPATH\Commands\Server\rewrite.php(47): require_once('C:\\laragon\\www\\template\\template\\public\\index.php')
CRITICAL - 2023-10-08 11:41:13 --> Class "App\Models\AdminModel" not found
in APPPATH\Controllers\UserController.php on line 16.
 1 SYSTEMPATH\CodeIgniter.php(891): App\Controllers\UserController->__construct()
 2 SYSTEMPATH\CodeIgniter.php(485): CodeIgniter\CodeIgniter->createController()
 3 SYSTEMPATH\CodeIgniter.php(353): CodeIgniter\CodeIgniter->handleRequest(null, Object(Config\Cache), false)
 4 FCPATH\index.php(79): CodeIgniter\CodeIgniter->run()
 5 SYSTEMPATH\Commands\Server\rewrite.php(47): require_once('C:\\laragon\\www\\template\\template\\public\\index.php')
CRITICAL - 2023-10-08 11:41:20 --> Class "App\Models\AdminModel" not found
in APPPATH\Controllers\UserController.php on line 16.
 1 SYSTEMPATH\CodeIgniter.php(891): App\Controllers\UserController->__construct()
 2 SYSTEMPATH\CodeIgniter.php(485): CodeIgniter\CodeIgniter->createController()
 3 SYSTEMPATH\CodeIgniter.php(353): CodeIgniter\CodeIgniter->handleRequest(null, Object(Config\Cache), false)
 4 FCPATH\index.php(79): CodeIgniter\CodeIgniter->run()
 5 SYSTEMPATH\Commands\Server\rewrite.php(47): require_once('C:\\laragon\\www\\template\\template\\public\\index.php')
CRITICAL - 2023-10-08 11:41:20 --> Class "App\Models\AdminModel" not found
in APPPATH\Controllers\UserController.php on line 16.
 1 SYSTEMPATH\CodeIgniter.php(891): App\Controllers\UserController->__construct()
 2 SYSTEMPATH\CodeIgniter.php(485): CodeIgniter\CodeIgniter->createController()
 3 SYSTEMPATH\CodeIgniter.php(353): CodeIgniter\CodeIgniter->handleRequest(null, Object(Config\Cache), false)
 4 FCPATH\index.php(79): CodeIgniter\CodeIgniter->run()
 5 SYSTEMPATH\Commands\Server\rewrite.php(47): require_once('C:\\laragon\\www\\template\\template\\public\\index.php')
CRITICAL - 2023-10-08 11:44:39 --> Class "App\Models\AdminModel" not found
in APPPATH\Controllers\UserController.php on line 16.
 1 SYSTEMPATH\CodeIgniter.php(891): App\Controllers\UserController->__construct()
 2 SYSTEMPATH\CodeIgniter.php(485): CodeIgniter\CodeIgniter->createController()
 3 SYSTEMPATH\CodeIgniter.php(353): CodeIgniter\CodeIgniter->handleRequest(null, Object(Config\Cache), false)
 4 FCPATH\index.php(79): CodeIgniter\CodeIgniter->run()
 5 SYSTEMPATH\Commands\Server\rewrite.php(47): require_once('C:\\laragon\\www\\template\\template\\public\\index.php')
CRITICAL - 2023-10-08 11:44:39 --> Class "App\Models\AdminModel" not found
in APPPATH\Controllers\UserController.php on line 16.
 1 SYSTEMPATH\CodeIgniter.php(891): App\Controllers\UserController->__construct()
 2 SYSTEMPATH\CodeIgniter.php(485): CodeIgniter\CodeIgniter->createController()
 3 SYSTEMPATH\CodeIgniter.php(353): CodeIgniter\CodeIgniter->handleRequest(null, Object(Config\Cache), false)
 4 FCPATH\index.php(79): CodeIgniter\CodeIgniter->run()
 5 SYSTEMPATH\Commands\Server\rewrite.php(47): require_once('C:\\laragon\\www\\template\\template\\public\\index.php')
CRITICAL - 2023-10-08 11:44:39 --> Class "App\Models\AdminModel" not found
in APPPATH\Controllers\UserController.php on line 16.
 1 SYSTEMPATH\CodeIgniter.php(891): App\Controllers\UserController->__construct()
 2 SYSTEMPATH\CodeIgniter.php(485): CodeIgniter\CodeIgniter->createController()
 3 SYSTEMPATH\CodeIgniter.php(353): CodeIgniter\CodeIgniter->handleRequest(null, Object(Config\Cache), false)
 4 FCPATH\index.php(79): CodeIgniter\CodeIgniter->run()
 5 SYSTEMPATH\Commands\Server\rewrite.php(47): require_once('C:\\laragon\\www\\template\\template\\public\\index.php')
CRITICAL - 2023-10-08 11:44:40 --> Class "App\Models\AdminModel" not found
in APPPATH\Controllers\UserController.php on line 16.
 1 SYSTEMPATH\CodeIgniter.php(891): App\Controllers\UserController->__construct()
 2 SYSTEMPATH\CodeIgniter.php(485): CodeIgniter\CodeIgniter->createController()
 3 SYSTEMPATH\CodeIgniter.php(353): CodeIgniter\CodeIgniter->handleRequest(null, Object(Config\Cache), false)
 4 FCPATH\index.php(79): CodeIgniter\CodeIgniter->run()
 5 SYSTEMPATH\Commands\Server\rewrite.php(47): require_once('C:\\laragon\\www\\template\\template\\public\\index.php')
CRITICAL - 2023-10-08 11:46:02 --> Class "App\Models\AdminModel" not found
in APPPATH\Controllers\UserController.php on line 16.
 1 SYSTEMPATH\CodeIgniter.php(891): App\Controllers\UserController->__construct()
 2 SYSTEMPATH\CodeIgniter.php(485): CodeIgniter\CodeIgniter->createController()
 3 SYSTEMPATH\CodeIgniter.php(353): CodeIgniter\CodeIgniter->handleRequest(null, Object(Config\Cache), false)
 4 FCPATH\index.php(79): CodeIgniter\CodeIgniter->run()
 5 SYSTEMPATH\Commands\Server\rewrite.php(47): require_once('C:\\laragon\\www\\template\\template\\public\\index.php')
CRITICAL - 2023-10-08 11:46:03 --> Class "App\Models\AdminModel" not found
in APPPATH\Controllers\UserController.php on line 16.
 1 SYSTEMPATH\CodeIgniter.php(891): App\Controllers\UserController->__construct()
 2 SYSTEMPATH\CodeIgniter.php(485): CodeIgniter\CodeIgniter->createController()
 3 SYSTEMPATH\CodeIgniter.php(353): CodeIgniter\CodeIgniter->handleRequest(null, Object(Config\Cache), false)
 4 FCPATH\index.php(79): CodeIgniter\CodeIgniter->run()
 5 SYSTEMPATH\Commands\Server\rewrite.php(47): require_once('C:\\laragon\\www\\template\\template\\public\\index.php')
CRITICAL - 2023-10-08 11:53:22 --> Class "App\Models\AdminModel" not found
in APPPATH\Controllers\UserController.php on line 16.
 1 SYSTEMPATH\CodeIgniter.php(891): App\Controllers\UserController->__construct()
 2 SYSTEMPATH\CodeIgniter.php(485): CodeIgniter\CodeIgniter->createController()
 3 SYSTEMPATH\CodeIgniter.php(353): CodeIgniter\CodeIgniter->handleRequest(null, Object(Config\Cache), false)
 4 FCPATH\index.php(79): CodeIgniter\CodeIgniter->run()
 5 SYSTEMPATH\Commands\Server\rewrite.php(47): require_once('C:\\laragon\\www\\template\\template\\public\\index.php')
CRITICAL - 2023-10-08 11:53:23 --> Class "App\Models\AdminModel" not found
in APPPATH\Controllers\UserController.php on line 16.
 1 SYSTEMPATH\CodeIgniter.php(891): App\Controllers\UserController->__construct()
 2 SYSTEMPATH\CodeIgniter.php(485): CodeIgniter\CodeIgniter->createController()
 3 SYSTEMPATH\CodeIgniter.php(353): CodeIgniter\CodeIgniter->handleRequest(null, Object(Config\Cache), false)
 4 FCPATH\index.php(79): CodeIgniter\CodeIgniter->run()
 5 SYSTEMPATH\Commands\Server\rewrite.php(47): require_once('C:\\laragon\\www\\template\\template\\public\\index.php')
CRITICAL - 2023-10-08 11:53:23 --> Class "App\Models\AdminModel" not found
in APPPATH\Controllers\UserController.php on line 16.
 1 SYSTEMPATH\CodeIgniter.php(891): App\Controllers\UserController->__construct()
 2 SYSTEMPATH\CodeIgniter.php(485): CodeIgniter\CodeIgniter->createController()
 3 SYSTEMPATH\CodeIgniter.php(353): CodeIgniter\CodeIgniter->handleRequest(null, Object(Config\Cache), false)
 4 FCPATH\index.php(79): CodeIgniter\CodeIgniter->run()
 5 SYSTEMPATH\Commands\Server\rewrite.php(47): require_once('C:\\laragon\\www\\template\\template\\public\\index.php')
CRITICAL - 2023-10-08 12:05:22 --> Class "App\Models\AdminModel" not found
in APPPATH\Controllers\UserController.php on line 16.
 1 SYSTEMPATH\CodeIgniter.php(891): App\Controllers\UserController->__construct()
 2 SYSTEMPATH\CodeIgniter.php(485): CodeIgniter\CodeIgniter->createController()
 3 SYSTEMPATH\CodeIgniter.php(353): CodeIgniter\CodeIgniter->handleRequest(null, Object(Config\Cache), false)
 4 FCPATH\index.php(79): CodeIgniter\CodeIgniter->run()
 5 SYSTEMPATH\Commands\Server\rewrite.php(47): require_once('C:\\laragon\\www\\template\\template\\public\\index.php')
CRITICAL - 2023-10-08 12:05:23 --> Class "App\Models\AdminModel" not found
in APPPATH\Controllers\UserController.php on line 16.
 1 SYSTEMPATH\CodeIgniter.php(891): App\Controllers\UserController->__construct()
 2 SYSTEMPATH\CodeIgniter.php(485): CodeIgniter\CodeIgniter->createController()
 3 SYSTEMPATH\CodeIgniter.php(353): CodeIgniter\CodeIgniter->handleRequest(null, Object(Config\Cache), false)
 4 FCPATH\index.php(79): CodeIgniter\CodeIgniter->run()
 5 SYSTEMPATH\Commands\Server\rewrite.php(47): require_once('C:\\laragon\\www\\template\\template\\public\\index.php')
CRITICAL - 2023-10-08 12:05:23 --> Class "App\Models\AdminModel" not found
in APPPATH\Controllers\UserController.php on line 16.
 1 SYSTEMPATH\CodeIgniter.php(891): App\Controllers\UserController->__construct()
 2 SYSTEMPATH\CodeIgniter.php(485): CodeIgniter\CodeIgniter->createController()
 3 SYSTEMPATH\CodeIgniter.php(353): CodeIgniter\CodeIgniter->handleRequest(null, Object(Config\Cache), false)
 4 FCPATH\index.php(79): CodeIgniter\CodeIgniter->run()
 5 SYSTEMPATH\Commands\Server\rewrite.php(47): require_once('C:\\laragon\\www\\template\\template\\public\\index.php')
CRITICAL - 2023-10-08 12:05:23 --> Class "App\Models\AdminModel" not found
in APPPATH\Controllers\UserController.php on line 16.
 1 SYSTEMPATH\CodeIgniter.php(891): App\Controllers\UserController->__construct()
 2 SYSTEMPATH\CodeIgniter.php(485): CodeIgniter\CodeIgniter->createController()
 3 SYSTEMPATH\CodeIgniter.php(353): CodeIgniter\CodeIgniter->handleRequest(null, Object(Config\Cache), false)
 4 FCPATH\index.php(79): CodeIgniter\CodeIgniter->run()
 5 SYSTEMPATH\Commands\Server\rewrite.php(47): require_once('C:\\laragon\\www\\template\\template\\public\\index.php')
CRITICAL - 2023-10-08 12:08:24 --> Class "App\Models\AdminModel" not found
in APPPATH\Controllers\UserController.php on line 16.
 1 SYSTEMPATH\CodeIgniter.php(891): App\Controllers\UserController->__construct()
 2 SYSTEMPATH\CodeIgniter.php(485): CodeIgniter\CodeIgniter->createController()
 3 SYSTEMPATH\CodeIgniter.php(353): CodeIgniter\CodeIgniter->handleRequest(null, Object(Config\Cache), false)
 4 FCPATH\index.php(79): CodeIgniter\CodeIgniter->run()
 5 SYSTEMPATH\Commands\Server\rewrite.php(47): require_once('C:\\laragon\\www\\template\\template\\public\\index.php')
CRITICAL - 2023-10-08 12:08:24 --> Class "App\Models\AdminModel" not found
in APPPATH\Controllers\UserController.php on line 16.
 1 SYSTEMPATH\CodeIgniter.php(891): App\Controllers\UserController->__construct()
 2 SYSTEMPATH\CodeIgniter.php(485): CodeIgniter\CodeIgniter->createController()
 3 SYSTEMPATH\CodeIgniter.php(353): CodeIgniter\CodeIgniter->handleRequest(null, Object(Config\Cache), false)
 4 FCPATH\index.php(79): CodeIgniter\CodeIgniter->run()
 5 SYSTEMPATH\Commands\Server\rewrite.php(47): require_once('C:\\laragon\\www\\template\\template\\public\\index.php')
CRITICAL - 2023-10-08 12:08:24 --> Class "App\Models\AdminModel" not found
in APPPATH\Controllers\UserController.php on line 16.
 1 SYSTEMPATH\CodeIgniter.php(891): App\Controllers\UserController->__construct()
 2 SYSTEMPATH\CodeIgniter.php(485): CodeIgniter\CodeIgniter->createController()
 3 SYSTEMPATH\CodeIgniter.php(353): CodeIgniter\CodeIgniter->handleRequest(null, Object(Config\Cache), false)
 4 FCPATH\index.php(79): CodeIgniter\CodeIgniter->run()
 5 SYSTEMPATH\Commands\Server\rewrite.php(47): require_once('C:\\laragon\\www\\template\\template\\public\\index.php')
CRITICAL - 2023-10-08 12:08:24 --> Class "App\Models\AdminModel" not found
in APPPATH\Controllers\UserController.php on line 16.
 1 SYSTEMPATH\CodeIgniter.php(891): App\Controllers\UserController->__construct()
 2 SYSTEMPATH\CodeIgniter.php(485): CodeIgniter\CodeIgniter->createController()
 3 SYSTEMPATH\CodeIgniter.php(353): CodeIgniter\CodeIgniter->handleRequest(null, Object(Config\Cache), false)
 4 FCPATH\index.php(79): CodeIgniter\CodeIgniter->run()
 5 SYSTEMPATH\Commands\Server\rewrite.php(47): require_once('C:\\laragon\\www\\template\\template\\public\\index.php')
CRITICAL - 2023-10-08 12:08:24 --> Class "App\Models\AdminModel" not found
in APPPATH\Controllers\UserController.php on line 16.
 1 SYSTEMPATH\CodeIgniter.php(891): App\Controllers\UserController->__construct()
 2 SYSTEMPATH\CodeIgniter.php(485): CodeIgniter\CodeIgniter->createController()
 3 SYSTEMPATH\CodeIgniter.php(353): CodeIgniter\CodeIgniter->handleRequest(null, Object(Config\Cache), false)
 4 FCPATH\index.php(79): CodeIgniter\CodeIgniter->run()
 5 SYSTEMPATH\Commands\Server\rewrite.php(47): require_once('C:\\laragon\\www\\template\\template\\public\\index.php')
CRITICAL - 2023-10-08 12:17:12 --> Class "App\Models\AdminModel" not found
in APPPATH\Controllers\UserController.php on line 16.
 1 SYSTEMPATH\CodeIgniter.php(891): App\Controllers\UserController->__construct()
 2 SYSTEMPATH\CodeIgniter.php(485): CodeIgniter\CodeIgniter->createController()
 3 SYSTEMPATH\CodeIgniter.php(353): CodeIgniter\CodeIgniter->handleRequest(null, Object(Config\Cache), false)
 4 FCPATH\index.php(79): CodeIgniter\CodeIgniter->run()
 5 SYSTEMPATH\Commands\Server\rewrite.php(47): require_once('C:\\laragon\\www\\template\\template\\public\\index.php')
CRITICAL - 2023-10-08 12:17:13 --> Class "App\Models\AdminModel" not found
in APPPATH\Controllers\UserController.php on line 16.
 1 SYSTEMPATH\CodeIgniter.php(891): App\Controllers\UserController->__construct()
 2 SYSTEMPATH\CodeIgniter.php(485): CodeIgniter\CodeIgniter->createController()
 3 SYSTEMPATH\CodeIgniter.php(353): CodeIgniter\CodeIgniter->handleRequest(null, Object(Config\Cache), false)
 4 FCPATH\index.php(79): CodeIgniter\CodeIgniter->run()
 5 SYSTEMPATH\Commands\Server\rewrite.php(47): require_once('C:\\laragon\\www\\template\\template\\public\\index.php')
CRITICAL - 2023-10-08 12:17:13 --> Class "App\Models\AdminModel" not found
in APPPATH\Controllers\UserController.php on line 16.
 1 SYSTEMPATH\CodeIgniter.php(891): App\Controllers\UserController->__construct()
 2 SYSTEMPATH\CodeIgniter.php(485): CodeIgniter\CodeIgniter->createController()
 3 SYSTEMPATH\CodeIgniter.php(353): CodeIgniter\CodeIgniter->handleRequest(null, Object(Config\Cache), false)
 4 FCPATH\index.php(79): CodeIgniter\CodeIgniter->run()
 5 SYSTEMPATH\Commands\Server\rewrite.php(47): require_once('C:\\laragon\\www\\template\\template\\public\\index.php')
CRITICAL - 2023-10-08 12:17:13 --> Class "App\Models\AdminModel" not found
in APPPATH\Controllers\UserController.php on line 16.
 1 SYSTEMPATH\CodeIgniter.php(891): App\Controllers\UserController->__construct()
 2 SYSTEMPATH\CodeIgniter.php(485): CodeIgniter\CodeIgniter->createController()
 3 SYSTEMPATH\CodeIgniter.php(353): CodeIgniter\CodeIgniter->handleRequest(null, Object(Config\Cache), false)
 4 FCPATH\index.php(79): CodeIgniter\CodeIgniter->run()
 5 SYSTEMPATH\Commands\Server\rewrite.php(47): require_once('C:\\laragon\\www\\template\\template\\public\\index.php')
CRITICAL - 2023-10-08 12:17:16 --> Class "App\Models\AdminModel" not found
in APPPATH\Controllers\UserController.php on line 16.
 1 SYSTEMPATH\CodeIgniter.php(891): App\Controllers\UserController->__construct()
 2 SYSTEMPATH\CodeIgniter.php(485): CodeIgniter\CodeIgniter->createController()
 3 SYSTEMPATH\CodeIgniter.php(353): CodeIgniter\CodeIgniter->handleRequest(null, Object(Config\Cache), false)
 4 FCPATH\index.php(79): CodeIgniter\CodeIgniter->run()
 5 SYSTEMPATH\Commands\Server\rewrite.php(47): require_once('C:\\laragon\\www\\template\\template\\public\\index.php')
CRITICAL - 2023-10-08 12:17:18 --> Class "App\Models\AdminModel" not found
in APPPATH\Controllers\UserController.php on line 16.
 1 SYSTEMPATH\CodeIgniter.php(891): App\Controllers\UserController->__construct()
 2 SYSTEMPATH\CodeIgniter.php(485): CodeIgniter\CodeIgniter->createController()
 3 SYSTEMPATH\CodeIgniter.php(353): CodeIgniter\CodeIgniter->handleRequest(null, Object(Config\Cache), false)
 4 FCPATH\index.php(79): CodeIgniter\CodeIgniter->run()
 5 SYSTEMPATH\Commands\Server\rewrite.php(47): require_once('C:\\laragon\\www\\template\\template\\public\\index.php')
CRITICAL - 2023-10-08 12:17:18 --> Class "App\Models\AdminModel" not found
in APPPATH\Controllers\UserController.php on line 16.
 1 SYSTEMPATH\CodeIgniter.php(891): App\Controllers\UserController->__construct()
 2 SYSTEMPATH\CodeIgniter.php(485): CodeIgniter\CodeIgniter->createController()
 3 SYSTEMPATH\CodeIgniter.php(353): CodeIgniter\CodeIgniter->handleRequest(null, Object(Config\Cache), false)
 4 FCPATH\index.php(79): CodeIgniter\CodeIgniter->run()
 5 SYSTEMPATH\Commands\Server\rewrite.php(47): require_once('C:\\laragon\\www\\template\\template\\public\\index.php')
CRITICAL - 2023-10-08 12:17:18 --> Class "App\Models\AdminModel" not found
in APPPATH\Controllers\UserController.php on line 16.
 1 SYSTEMPATH\CodeIgniter.php(891): App\Controllers\UserController->__construct()
 2 SYSTEMPATH\CodeIgniter.php(485): CodeIgniter\CodeIgniter->createController()
 3 SYSTEMPATH\CodeIgniter.php(353): CodeIgniter\CodeIgniter->handleRequest(null, Object(Config\Cache), false)
 4 FCPATH\index.php(79): CodeIgniter\CodeIgniter->run()
 5 SYSTEMPATH\Commands\Server\rewrite.php(47): require_once('C:\\laragon\\www\\template\\template\\public\\index.php')
CRITICAL - 2023-10-08 12:17:18 --> Class "App\Models\AdminModel" not found
in APPPATH\Controllers\UserController.php on line 16.
 1 SYSTEMPATH\CodeIgniter.php(891): App\Controllers\UserController->__construct()
 2 SYSTEMPATH\CodeIgniter.php(485): CodeIgniter\CodeIgniter->createController()
 3 SYSTEMPATH\CodeIgniter.php(353): CodeIgniter\CodeIgniter->handleRequest(null, Object(Config\Cache), false)
 4 FCPATH\index.php(79): CodeIgniter\CodeIgniter->run()
 5 SYSTEMPATH\Commands\Server\rewrite.php(47): require_once('C:\\laragon\\www\\template\\template\\public\\index.php')
CRITICAL - 2023-10-08 12:17:50 --> Class "App\Models\AdminModel" not found
in APPPATH\Controllers\UserController.php on line 16.
 1 SYSTEMPATH\CodeIgniter.php(891): App\Controllers\UserController->__construct()
 2 SYSTEMPATH\CodeIgniter.php(485): CodeIgniter\CodeIgniter->createController()
 3 SYSTEMPATH\CodeIgniter.php(353): CodeIgniter\CodeIgniter->handleRequest(null, Object(Config\Cache), false)
 4 FCPATH\index.php(79): CodeIgniter\CodeIgniter->run()
 5 SYSTEMPATH\Commands\Server\rewrite.php(47): require_once('C:\\laragon\\www\\template\\template\\public\\index.php')
CRITICAL - 2023-10-08 12:17:51 --> Class "App\Models\AdminModel" not found
in APPPATH\Controllers\UserController.php on line 16.
 1 SYSTEMPATH\CodeIgniter.php(891): App\Controllers\UserController->__construct()
 2 SYSTEMPATH\CodeIgniter.php(485): CodeIgniter\CodeIgniter->createController()
 3 SYSTEMPATH\CodeIgniter.php(353): CodeIgniter\CodeIgniter->handleRequest(null, Object(Config\Cache), false)
 4 FCPATH\index.php(79): CodeIgniter\CodeIgniter->run()
 5 SYSTEMPATH\Commands\Server\rewrite.php(47): require_once('C:\\laragon\\www\\template\\template\\public\\index.php')
CRITICAL - 2023-10-08 12:17:51 --> Class "App\Models\AdminModel" not found
in APPPATH\Controllers\UserController.php on line 16.
 1 SYSTEMPATH\CodeIgniter.php(891): App\Controllers\UserController->__construct()
 2 SYSTEMPATH\CodeIgniter.php(485): CodeIgniter\CodeIgniter->createController()
 3 SYSTEMPATH\CodeIgniter.php(353): CodeIgniter\CodeIgniter->handleRequest(null, Object(Config\Cache), false)
 4 FCPATH\index.php(79): CodeIgniter\CodeIgniter->run()
 5 SYSTEMPATH\Commands\Server\rewrite.php(47): require_once('C:\\laragon\\www\\template\\template\\public\\index.php')
CRITICAL - 2023-10-08 12:22:54 --> Invalid file: "User/products.php"
in SYSTEMPATH\Exceptions\FrameworkException.php on line 39.
 1 SYSTEMPATH\View\View.php(214): CodeIgniter\Exceptions\FrameworkException::forInvalidFile('User/products.php')
 2 SYSTEMPATH\Common.php(1188): CodeIgniter\View\View->render('User/products', [], true)
 3 APPPATH\Controllers\UserController.php(156): view('User/products', [...])
 4 SYSTEMPATH\CodeIgniter.php(919): App\Controllers\UserController->shorts()
 5 SYSTEMPATH\CodeIgniter.php(494): CodeIgniter\CodeIgniter->runController(Object(App\Controllers\UserController))
 6 SYSTEMPATH\CodeIgniter.php(353): CodeIgniter\CodeIgniter->handleRequest(null, Object(Config\Cache), false)
 7 FCPATH\index.php(79): CodeIgniter\CodeIgniter->run()
 8 SYSTEMPATH\Commands\Server\rewrite.php(47): require_once('C:\\laragon\\www\\template\\template\\public\\index.php')
CRITICAL - 2023-10-08 12:26:03 --> Invalid file: "register.php"
in SYSTEMPATH\Exceptions\FrameworkException.php on line 39.
 1 SYSTEMPATH\View\View.php(214): CodeIgniter\Exceptions\FrameworkException::forInvalidFile('register.php')
 2 SYSTEMPATH\Common.php(1188): CodeIgniter\View\View->render('register', [], true)
 3 APPPATH\Controllers\UserController.php(54): view('register', [...])
 4 SYSTEMPATH\CodeIgniter.php(919): App\Controllers\UserController->store()
 5 SYSTEMPATH\CodeIgniter.php(494): CodeIgniter\CodeIgniter->runController(Object(App\Controllers\UserController))
 6 SYSTEMPATH\CodeIgniter.php(353): CodeIgniter\CodeIgniter->handleRequest(null, Object(Config\Cache), false)
 7 FCPATH\index.php(79): CodeIgniter\CodeIgniter->run()
 8 SYSTEMPATH\Commands\Server\rewrite.php(47): require_once('C:\\laragon\\www\\template\\template\\public\\index.php')
CRITICAL - 2023-10-08 12:26:16 --> Invalid file: "register.php"
in SYSTEMPATH\Exceptions\FrameworkException.php on line 39.
 1 SYSTEMPATH\View\View.php(214): CodeIgniter\Exceptions\FrameworkException::forInvalidFile('register.php')
 2 SYSTEMPATH\Common.php(1188): CodeIgniter\View\View->render('register', [], true)
 3 APPPATH\Controllers\UserController.php(54): view('register', [...])
 4 SYSTEMPATH\CodeIgniter.php(919): App\Controllers\UserController->store()
 5 SYSTEMPATH\CodeIgniter.php(494): CodeIgniter\CodeIgniter->runController(Object(App\Controllers\UserController))
 6 SYSTEMPATH\CodeIgniter.php(353): CodeIgniter\CodeIgniter->handleRequest(null, Object(Config\Cache), false)
 7 FCPATH\index.php(79): CodeIgniter\CodeIgniter->run()
 8 SYSTEMPATH\Commands\Server\rewrite.php(47): require_once('C:\\laragon\\www\\template\\template\\public\\index.php')
ERROR - 2023-10-08 12:26:53 --> mysqli_sql_exception: Unknown column 'updated_at' in 'field list' in C:\laragon\www\template\template\system\Database\MySQLi\Connection.php:306
Stack trace:
#0 C:\laragon\www\template\template\system\Database\MySQLi\Connection.php(306): mysqli->query('INSERT INTO `ad...', 0)
#1 C:\laragon\www\template\template\system\Database\BaseConnection.php(692): CodeIgniter\Database\MySQLi\Connection->execute('INSERT INTO `ad...')
#2 C:\laragon\www\template\template\system\Database\BaseConnection.php(606): CodeIgniter\Database\BaseConnection->simpleQuery('INSERT INTO `ad...')
#3 C:\laragon\www\template\template\system\Database\BaseBuilder.php(2308): CodeIgniter\Database\BaseConnection->query('INSERT INTO `ad...', Array, false)
#4 C:\laragon\www\template\template\system\Model.php(319): CodeIgniter\Database\BaseBuilder->insert()
#5 C:\laragon\www\template\template\system\BaseModel.php(788): CodeIgniter\Model->doInsert(Array)
#6 C:\laragon\www\template\template\system\Model.php(715): CodeIgniter\BaseModel->insert(Array, false)
#7 C:\laragon\www\template\template\system\BaseModel.php(698): CodeIgniter\Model->insert(Array, false)
#8 C:\laragon\www\template\template\app\Controllers\UserController.php(50): CodeIgniter\BaseModel->save(Array)
#9 C:\laragon\www\template\template\system\CodeIgniter.php(919): App\Controllers\UserController->store()
#10 C:\laragon\www\template\template\system\CodeIgniter.php(494): CodeIgniter\CodeIgniter->runController(Object(App\Controllers\UserController))
#11 C:\laragon\www\template\template\system\CodeIgniter.php(353): CodeIgniter\CodeIgniter->handleRequest(NULL, Object(Config\Cache), false)
#12 C:\laragon\www\template\template\public\index.php(79): CodeIgniter\CodeIgniter->run()
#13 C:\laragon\www\template\template\system\Commands\Server\rewrite.php(47): require_once('C:\\laragon\\www\\...')
#14 {main}
CRITICAL - 2023-10-08 12:26:53 --> Unknown column 'updated_at' in 'field list'
in SYSTEMPATH\Database\BaseConnection.php on line 646.
 1 SYSTEMPATH\Database\BaseBuilder.php(2308): CodeIgniter\Database\BaseConnection->query('INSERT INTO `admin` (`name`, `email`, `password`, `created_at`, `updated_at`) VALUES (:name:, :email:, :password:, :created_at:, :updated_at:)', [...], false)
 2 SYSTEMPATH\Model.php(319): CodeIgniter\Database\BaseBuilder->insert()
 3 SYSTEMPATH\BaseModel.php(788): CodeIgniter\Model->doInsert([...])
 4 SYSTEMPATH\Model.php(715): CodeIgniter\BaseModel->insert([...], false)
 5 SYSTEMPATH\BaseModel.php(698): CodeIgniter\Model->insert([...], false)
 6 APPPATH\Controllers\UserController.php(50): CodeIgniter\BaseModel->save([...])
 7 SYSTEMPATH\CodeIgniter.php(919): App\Controllers\UserController->store()
 8 SYSTEMPATH\CodeIgniter.php(494): CodeIgniter\CodeIgniter->runController(Object(App\Controllers\UserController))
 9 SYSTEMPATH\CodeIgniter.php(353): CodeIgniter\CodeIgniter->handleRequest(null, Object(Config\Cache), false)
10 FCPATH\index.php(79): CodeIgniter\CodeIgniter->run()
11 SYSTEMPATH\Commands\Server\rewrite.php(47): require_once('C:\\laragon\\www\\template\\template\\public\\index.php')
ERROR - 2023-10-08 12:28:09 --> mysqli_sql_exception: Unknown column 'updated_at' in 'field list' in C:\laragon\www\template\template\system\Database\MySQLi\Connection.php:306
Stack trace:
#0 C:\laragon\www\template\template\system\Database\MySQLi\Connection.php(306): mysqli->query('INSERT INTO `ad...', 0)
#1 C:\laragon\www\template\template\system\Database\BaseConnection.php(692): CodeIgniter\Database\MySQLi\Connection->execute('INSERT INTO `ad...')
#2 C:\laragon\www\template\template\system\Database\BaseConnection.php(606): CodeIgniter\Database\BaseConnection->simpleQuery('INSERT INTO `ad...')
#3 C:\laragon\www\template\template\system\Database\BaseBuilder.php(2308): CodeIgniter\Database\BaseConnection->query('INSERT INTO `ad...', Array, false)
#4 C:\laragon\www\template\template\system\Model.php(319): CodeIgniter\Database\BaseBuilder->insert()
#5 C:\laragon\www\template\template\system\BaseModel.php(788): CodeIgniter\Model->doInsert(Array)
#6 C:\laragon\www\template\template\system\Model.php(715): CodeIgniter\BaseModel->insert(Array, false)
#7 C:\laragon\www\template\template\system\BaseModel.php(698): CodeIgniter\Model->insert(Array, false)
#8 C:\laragon\www\template\template\app\Controllers\UserController.php(50): CodeIgniter\BaseModel->save(Array)
#9 C:\laragon\www\template\template\system\CodeIgniter.php(919): App\Controllers\UserController->store()
#10 C:\laragon\www\template\template\system\CodeIgniter.php(494): CodeIgniter\CodeIgniter->runController(Object(App\Controllers\UserController))
#11 C:\laragon\www\template\template\system\CodeIgniter.php(353): CodeIgniter\CodeIgniter->handleRequest(NULL, Object(Config\Cache), false)
#12 C:\laragon\www\template\template\public\index.php(79): CodeIgniter\CodeIgniter->run()
#13 C:\laragon\www\template\template\system\Commands\Server\rewrite.php(47): require_once('C:\\laragon\\www\\...')
#14 {main}
CRITICAL - 2023-10-08 12:28:09 --> Unknown column 'updated_at' in 'field list'
in SYSTEMPATH\Database\BaseConnection.php on line 646.
 1 SYSTEMPATH\Database\BaseBuilder.php(2308): CodeIgniter\Database\BaseConnection->query('INSERT INTO `admin` (`name`, `email`, `password`, `created_at`, `updated_at`) VALUES (:name:, :email:, :password:, :created_at:, :updated_at:)', [...], false)
 2 SYSTEMPATH\Model.php(319): CodeIgniter\Database\BaseBuilder->insert()
 3 SYSTEMPATH\BaseModel.php(788): CodeIgniter\Model->doInsert([...])
 4 SYSTEMPATH\Model.php(715): CodeIgniter\BaseModel->insert([...], false)
 5 SYSTEMPATH\BaseModel.php(698): CodeIgniter\Model->insert([...], false)
 6 APPPATH\Controllers\UserController.php(50): CodeIgniter\BaseModel->save([...])
 7 SYSTEMPATH\CodeIgniter.php(919): App\Controllers\UserController->store()
 8 SYSTEMPATH\CodeIgniter.php(494): CodeIgniter\CodeIgniter->runController(Object(App\Controllers\UserController))
 9 SYSTEMPATH\CodeIgniter.php(353): CodeIgniter\CodeIgniter->handleRequest(null, Object(Config\Cache), false)
10 FCPATH\index.php(79): CodeIgniter\CodeIgniter->run()
11 SYSTEMPATH\Commands\Server\rewrite.php(47): require_once('C:\\laragon\\www\\template\\template\\public\\index.php')
ERROR - 2023-10-08 12:28:36 --> mysqli_sql_exception: Unknown column 'updated_at' in 'field list' in C:\laragon\www\template\template\system\Database\MySQLi\Connection.php:306
Stack trace:
#0 C:\laragon\www\template\template\system\Database\MySQLi\Connection.php(306): mysqli->query('INSERT INTO `ad...', 0)
#1 C:\laragon\www\template\template\system\Database\BaseConnection.php(692): CodeIgniter\Database\MySQLi\Connection->execute('INSERT INTO `ad...')
#2 C:\laragon\www\template\template\system\Database\BaseConnection.php(606): CodeIgniter\Database\BaseConnection->simpleQuery('INSERT INTO `ad...')
#3 C:\laragon\www\template\template\system\Database\BaseBuilder.php(2308): CodeIgniter\Database\BaseConnection->query('INSERT INTO `ad...', Array, false)
#4 C:\laragon\www\template\template\system\Model.php(319): CodeIgniter\Database\BaseBuilder->insert()
#5 C:\laragon\www\template\template\system\BaseModel.php(788): CodeIgniter\Model->doInsert(Array)
#6 C:\laragon\www\template\template\system\Model.php(715): CodeIgniter\BaseModel->insert(Array, false)
#7 C:\laragon\www\template\template\system\BaseModel.php(698): CodeIgniter\Model->insert(Array, false)
#8 C:\laragon\www\template\template\app\Controllers\UserController.php(50): CodeIgniter\BaseModel->save(Array)
#9 C:\laragon\www\template\template\system\CodeIgniter.php(919): App\Controllers\UserController->store()
#10 C:\laragon\www\template\template\system\CodeIgniter.php(494): CodeIgniter\CodeIgniter->runController(Object(App\Controllers\UserController))
#11 C:\laragon\www\template\template\system\CodeIgniter.php(353): CodeIgniter\CodeIgniter->handleRequest(NULL, Object(Config\Cache), false)
#12 C:\laragon\www\template\template\public\index.php(79): CodeIgniter\CodeIgniter->run()
#13 C:\laragon\www\template\template\system\Commands\Server\rewrite.php(47): require_once('C:\\laragon\\www\\...')
#14 {main}
CRITICAL - 2023-10-08 12:28:36 --> Unknown column 'updated_at' in 'field list'
in SYSTEMPATH\Database\BaseConnection.php on line 646.
 1 SYSTEMPATH\Database\BaseBuilder.php(2308): CodeIgniter\Database\BaseConnection->query('INSERT INTO `admin` (`name`, `email`, `password`, `created_at`, `updated_at`) VALUES (:name:, :email:, :password:, :created_at:, :updated_at:)', [...], false)
 2 SYSTEMPATH\Model.php(319): CodeIgniter\Database\BaseBuilder->insert()
 3 SYSTEMPATH\BaseModel.php(788): CodeIgniter\Model->doInsert([...])
 4 SYSTEMPATH\Model.php(715): CodeIgniter\BaseModel->insert([...], false)
 5 SYSTEMPATH\BaseModel.php(698): CodeIgniter\Model->insert([...], false)
 6 APPPATH\Controllers\UserController.php(50): CodeIgniter\BaseModel->save([...])
 7 SYSTEMPATH\CodeIgniter.php(919): App\Controllers\UserController->store()
 8 SYSTEMPATH\CodeIgniter.php(494): CodeIgniter\CodeIgniter->runController(Object(App\Controllers\UserController))
 9 SYSTEMPATH\CodeIgniter.php(353): CodeIgniter\CodeIgniter->handleRequest(null, Object(Config\Cache), false)
10 FCPATH\index.php(79): CodeIgniter\CodeIgniter->run()
11 SYSTEMPATH\Commands\Server\rewrite.php(47): require_once('C:\\laragon\\www\\template\\template\\public\\index.php')
CRITICAL - 2023-10-08 13:00:58 --> "authGuard" filter must have a matching alias defined.
in SYSTEMPATH\Filters\Filters.php on line 350.
 1 SYSTEMPATH\Filters\Filters.php(350): CodeIgniter\Filters\Exceptions\FilterException::forNoAlias('authGuard')
 2 SYSTEMPATH\CodeIgniter.php(459): CodeIgniter\Filters\Filters->enableFilter('authGuard', 'before')
 3 SYSTEMPATH\CodeIgniter.php(353): CodeIgniter\CodeIgniter->handleRequest(null, Object(Config\Cache), false)
 4 FCPATH\index.php(79): CodeIgniter\CodeIgniter->run()
 5 SYSTEMPATH\Commands\Server\rewrite.php(47): require_once('C:\\laragon\\www\\template\\template\\public\\index.php')
ERROR - 2023-10-08 13:01:58 --> mysqli_sql_exception: Unknown column 'updated_at' in 'field list' in C:\laragon\www\template\template\system\Database\MySQLi\Connection.php:306
Stack trace:
#0 C:\laragon\www\template\template\system\Database\MySQLi\Connection.php(306): mysqli->query('INSERT INTO `ad...', 0)
#1 C:\laragon\www\template\template\system\Database\BaseConnection.php(692): CodeIgniter\Database\MySQLi\Connection->execute('INSERT INTO `ad...')
#2 C:\laragon\www\template\template\system\Database\BaseConnection.php(606): CodeIgniter\Database\BaseConnection->simpleQuery('INSERT INTO `ad...')
#3 C:\laragon\www\template\template\system\Database\BaseBuilder.php(2308): CodeIgniter\Database\BaseConnection->query('INSERT INTO `ad...', Array, false)
#4 C:\laragon\www\template\template\system\Model.php(319): CodeIgniter\Database\BaseBuilder->insert()
#5 C:\laragon\www\template\template\system\BaseModel.php(788): CodeIgniter\Model->doInsert(Array)
#6 C:\laragon\www\template\template\system\Model.php(715): CodeIgniter\BaseModel->insert(Array, false)
#7 C:\laragon\www\template\template\system\BaseModel.php(698): CodeIgniter\Model->insert(Array, false)
#8 C:\laragon\www\template\template\app\Controllers\UserController.php(50): CodeIgniter\BaseModel->save(Array)
#9 C:\laragon\www\template\template\system\CodeIgniter.php(919): App\Controllers\UserController->store()
#10 C:\laragon\www\template\template\system\CodeIgniter.php(494): CodeIgniter\CodeIgniter->runController(Object(App\Controllers\UserController))
#11 C:\laragon\www\template\template\system\CodeIgniter.php(353): CodeIgniter\CodeIgniter->handleRequest(NULL, Object(Config\Cache), false)
#12 C:\laragon\www\template\template\public\index.php(79): CodeIgniter\CodeIgniter->run()
#13 C:\laragon\www\template\template\system\Commands\Server\rewrite.php(47): require_once('C:\\laragon\\www\\...')
#14 {main}
CRITICAL - 2023-10-08 13:01:58 --> Unknown column 'updated_at' in 'field list'
in SYSTEMPATH\Database\BaseConnection.php on line 646.
 1 SYSTEMPATH\Database\BaseBuilder.php(2308): CodeIgniter\Database\BaseConnection->query('INSERT INTO `admin` (`name`, `email`, `password`, `created_at`, `updated_at`) VALUES (:name:, :email:, :password:, :created_at:, :updated_at:)', [...], false)
 2 SYSTEMPATH\Model.php(319): CodeIgniter\Database\BaseBuilder->insert()
 3 SYSTEMPATH\BaseModel.php(788): CodeIgniter\Model->doInsert([...])
 4 SYSTEMPATH\Model.php(715): CodeIgniter\BaseModel->insert([...], false)
 5 SYSTEMPATH\BaseModel.php(698): CodeIgniter\Model->insert([...], false)
 6 APPPATH\Controllers\UserController.php(50): CodeIgniter\BaseModel->save([...])
 7 SYSTEMPATH\CodeIgniter.php(919): App\Controllers\UserController->store()
 8 SYSTEMPATH\CodeIgniter.php(494): CodeIgniter\CodeIgniter->runController(Object(App\Controllers\UserController))
 9 SYSTEMPATH\CodeIgniter.php(353): CodeIgniter\CodeIgniter->handleRequest(null, Object(Config\Cache), false)
10 FCPATH\index.php(79): CodeIgniter\CodeIgniter->run()
11 SYSTEMPATH\Commands\Server\rewrite.php(47): require_once('C:\\laragon\\www\\template\\template\\public\\index.php')
ERROR - 2023-10-08 13:08:12 --> mysqli_sql_exception: Unknown column 'updated_at' in 'field list' in C:\laragon\www\template\template\system\Database\MySQLi\Connection.php:306
Stack trace:
#0 C:\laragon\www\template\template\system\Database\MySQLi\Connection.php(306): mysqli->query('INSERT INTO `ad...', 0)
#1 C:\laragon\www\template\template\system\Database\BaseConnection.php(692): CodeIgniter\Database\MySQLi\Connection->execute('INSERT INTO `ad...')
#2 C:\laragon\www\template\template\system\Database\BaseConnection.php(606): CodeIgniter\Database\BaseConnection->simpleQuery('INSERT INTO `ad...')
#3 C:\laragon\www\template\template\system\Database\BaseBuilder.php(2308): CodeIgniter\Database\BaseConnection->query('INSERT INTO `ad...', Array, false)
#4 C:\laragon\www\template\template\system\Model.php(319): CodeIgniter\Database\BaseBuilder->insert()
#5 C:\laragon\www\template\template\system\BaseModel.php(788): CodeIgniter\Model->doInsert(Array)
#6 C:\laragon\www\template\template\system\Model.php(715): CodeIgniter\BaseModel->insert(Array, false)
#7 C:\laragon\www\template\template\system\BaseModel.php(698): CodeIgniter\Model->insert(Array, false)
#8 C:\laragon\www\template\template\app\Controllers\UserController.php(50): CodeIgniter\BaseModel->save(Array)
#9 C:\laragon\www\template\template\system\CodeIgniter.php(919): App\Controllers\UserController->store()
#10 C:\laragon\www\template\template\system\CodeIgniter.php(494): CodeIgniter\CodeIgniter->runController(Object(App\Controllers\UserController))
#11 C:\laragon\www\template\template\system\CodeIgniter.php(353): CodeIgniter\CodeIgniter->handleRequest(NULL, Object(Config\Cache), false)
#12 C:\laragon\www\template\template\public\index.php(79): CodeIgniter\CodeIgniter->run()
#13 C:\laragon\www\template\template\system\Commands\Server\rewrite.php(47): require_once('C:\\laragon\\www\\...')
#14 {main}
CRITICAL - 2023-10-08 13:08:12 --> Unknown column 'updated_at' in 'field list'
in SYSTEMPATH\Database\BaseConnection.php on line 646.
 1 SYSTEMPATH\Database\BaseBuilder.php(2308): CodeIgniter\Database\BaseConnection->query('INSERT INTO `admin` (`name`, `email`, `password`, `created_at`, `updated_at`) VALUES (:name:, :email:, :password:, :created_at:, :updated_at:)', [...], false)
 2 SYSTEMPATH\Model.php(319): CodeIgniter\Database\BaseBuilder->insert()
 3 SYSTEMPATH\BaseModel.php(788): CodeIgniter\Model->doInsert([...])
 4 SYSTEMPATH\Model.php(715): CodeIgniter\BaseModel->insert([...], false)
 5 SYSTEMPATH\BaseModel.php(698): CodeIgniter\Model->insert([...], false)
 6 APPPATH\Controllers\UserController.php(50): CodeIgniter\BaseModel->save([...])
 7 SYSTEMPATH\CodeIgniter.php(919): App\Controllers\UserController->store()
 8 SYSTEMPATH\CodeIgniter.php(494): CodeIgniter\CodeIgniter->runController(Object(App\Controllers\UserController))
 9 SYSTEMPATH\CodeIgniter.php(353): CodeIgniter\CodeIgniter->handleRequest(null, Object(Config\Cache), false)
10 FCPATH\index.php(79): CodeIgniter\CodeIgniter->run()
11 SYSTEMPATH\Commands\Server\rewrite.php(47): require_once('C:\\laragon\\www\\template\\template\\public\\index.php')
CRITICAL - 2023-10-08 13:16:33 --> Invalid file: "User/products.php"
in SYSTEMPATH\Exceptions\FrameworkException.php on line 39.
 1 SYSTEMPATH\View\View.php(214): CodeIgniter\Exceptions\FrameworkException::forInvalidFile('User/products.php')
 2 SYSTEMPATH\Common.php(1188): CodeIgniter\View\View->render('User/products', [], true)
 3 APPPATH\Controllers\UserController.php(116): view('User/products', [...])
 4 SYSTEMPATH\CodeIgniter.php(919): App\Controllers\UserController->tshirts()
 5 SYSTEMPATH\CodeIgniter.php(494): CodeIgniter\CodeIgniter->runController(Object(App\Controllers\UserController))
 6 SYSTEMPATH\CodeIgniter.php(353): CodeIgniter\CodeIgniter->handleRequest(null, Object(Config\Cache), false)
 7 FCPATH\index.php(79): CodeIgniter\CodeIgniter->run()
 8 SYSTEMPATH\Commands\Server\rewrite.php(47): require_once('C:\\laragon\\www\\template\\template\\public\\index.php')
CRITICAL - 2023-10-08 13:18:17 --> Invalid file: "register.php"
in SYSTEMPATH\Exceptions\FrameworkException.php on line 39.
 1 SYSTEMPATH\View\View.php(214): CodeIgniter\Exceptions\FrameworkException::forInvalidFile('register.php')
 2 SYSTEMPATH\Common.php(1188): CodeIgniter\View\View->render('register', [], true)
 3 APPPATH\Controllers\UserController.php(54): view('register', [...])
 4 SYSTEMPATH\CodeIgniter.php(919): App\Controllers\UserController->store()
 5 SYSTEMPATH\CodeIgniter.php(494): CodeIgniter\CodeIgniter->runController(Object(App\Controllers\UserController))
 6 SYSTEMPATH\CodeIgniter.php(353): CodeIgniter\CodeIgniter->handleRequest(null, Object(Config\Cache), false)
 7 FCPATH\index.php(79): CodeIgniter\CodeIgniter->run()
 8 SYSTEMPATH\Commands\Server\rewrite.php(47): require_once('C:\\laragon\\www\\template\\template\\public\\index.php')
CRITICAL - 2023-10-08 13:26:46 --> Invalid file: "register.php"
in SYSTEMPATH\Exceptions\FrameworkException.php on line 39.
 1 SYSTEMPATH\View\View.php(214): CodeIgniter\Exceptions\FrameworkException::forInvalidFile('register.php')
 2 SYSTEMPATH\Common.php(1188): CodeIgniter\View\View->render('register', [], true)
 3 APPPATH\Controllers\UserController.php(54): view('register', [...])
 4 SYSTEMPATH\CodeIgniter.php(919): App\Controllers\UserController->store()
 5 SYSTEMPATH\CodeIgniter.php(494): CodeIgniter\CodeIgniter->runController(Object(App\Controllers\UserController))
 6 SYSTEMPATH\CodeIgniter.php(353): CodeIgniter\CodeIgniter->handleRequest(null, Object(Config\Cache), false)
 7 FCPATH\index.php(79): CodeIgniter\CodeIgniter->run()
 8 SYSTEMPATH\Commands\Server\rewrite.php(47): require_once('C:\\laragon\\www\\template\\template\\public\\index.php')
